{
  "/Users/corentinmarzin/Desktop/Github/cli-mr-creator/src/api-client.ts": {
    "path": "/Users/corentinmarzin/Desktop/Github/cli-mr-creator/src/api-client.ts",
    "all": false,
    "statementMap": {
      "0": {
        "start": { "line": 1, "column": 0 },
        "end": { "line": 1, "column": 25 }
      },
      "1": {
        "start": { "line": 4, "column": 0 },
        "end": { "line": 4, "column": 22 }
      },
      "2": {
        "start": { "line": 5, "column": 0 },
        "end": { "line": 5, "column": 19 }
      },
      "3": {
        "start": { "line": 6, "column": 0 },
        "end": { "line": 6, "column": 63 }
      },
      "4": {
        "start": { "line": 8, "column": 0 },
        "end": { "line": 8, "column": 43 }
      },
      "5": {
        "start": { "line": 9, "column": 0 },
        "end": { "line": 9, "column": 56 }
      },
      "6": {
        "start": { "line": 11, "column": 0 },
        "end": { "line": 11, "column": 41 }
      },
      "7": {
        "start": { "line": 12, "column": 0 },
        "end": { "line": 12, "column": 36 }
      },
      "8": {
        "start": { "line": 14, "column": 0 },
        "end": { "line": 14, "column": 17 }
      },
      "9": {
        "start": { "line": 15, "column": 0 },
        "end": { "line": 15, "column": 42 }
      },
      "10": {
        "start": { "line": 18, "column": 0 },
        "end": { "line": 18, "column": 15 }
      },
      "11": {
        "start": { "line": 19, "column": 0 },
        "end": { "line": 19, "column": 39 }
      },
      "12": {
        "start": { "line": 20, "column": 0 },
        "end": { "line": 20, "column": 10 }
      },
      "13": {
        "start": { "line": 22, "column": 0 },
        "end": { "line": 22, "column": 3 }
      },
      "14": {
        "start": { "line": 24, "column": 0 },
        "end": { "line": 24, "column": 18 }
      },
      "15": {
        "start": { "line": 25, "column": 0 },
        "end": { "line": 25, "column": 41 }
      },
      "16": {
        "start": { "line": 26, "column": 0 },
        "end": { "line": 26, "column": 11 }
      },
      "17": {
        "start": { "line": 27, "column": 0 },
        "end": { "line": 27, "column": 20 }
      },
      "18": {
        "start": { "line": 28, "column": 0 },
        "end": { "line": 28, "column": 14 }
      },
      "19": {
        "start": { "line": 29, "column": 0 },
        "end": { "line": 29, "column": 17 }
      },
      "20": {
        "start": { "line": 32, "column": 0 },
        "end": { "line": 32, "column": 3 }
      },
      "21": {
        "start": { "line": 37, "column": 0 },
        "end": { "line": 37, "column": 17 }
      },
      "22": {
        "start": { "line": 7, "column": 0 },
        "end": { "line": 7, "column": 3 }
      },
      "23": {
        "start": { "line": 10, "column": 0 },
        "end": { "line": 10, "column": 3 }
      },
      "24": {
        "start": { "line": 16, "column": 0 },
        "end": { "line": 16, "column": 3 }
      },
      "25": {
        "start": { "line": 21, "column": 0 },
        "end": { "line": 21, "column": 36 }
      },
      "26": {
        "start": { "line": 30, "column": 0 },
        "end": { "line": 30, "column": 30 }
      },
      "27": {
        "start": { "line": 31, "column": 0 },
        "end": { "line": 31, "column": 6 }
      },
      "28": {
        "start": { "line": 34, "column": 0 },
        "end": { "line": 34, "column": 22 }
      },
      "29": {
        "start": { "line": 35, "column": 0 },
        "end": { "line": 35, "column": 1 }
      }
    },
    "s": {
      "0": 2,
      "1": 1,
      "2": 1,
      "3": 1,
      "4": 1,
      "5": 1,
      "6": 1,
      "7": 1,
      "8": 1,
      "9": 1,
      "10": 1,
      "11": 1,
      "12": 1,
      "13": 1,
      "14": 1,
      "15": 1,
      "16": 1,
      "17": 1,
      "18": 1,
      "19": 1,
      "20": 1,
      "21": 1,
      "22": 0,
      "23": 0,
      "24": 0,
      "25": 0,
      "26": 0,
      "27": 0,
      "28": 0,
      "29": 0
    },
    "branchMap": {},
    "b": {},
    "fnMap": {
      "0": {
        "name": "client",
        "decl": {
          "start": { "line": 4, "column": 0 },
          "end": { "line": 35, "column": 1 }
        },
        "loc": {
          "start": { "line": 4, "column": 0 },
          "end": { "line": 35, "column": 1 }
        },
        "line": 4
      }
    },
    "f": { "0": 0 }
  },
  "/Users/corentinmarzin/Desktop/Github/cli-mr-creator/src/api.ts": {
    "path": "/Users/corentinmarzin/Desktop/Github/cli-mr-creator/src/api.ts",
    "all": false,
    "statementMap": {
      "0": {
        "start": { "line": 1, "column": 0 },
        "end": { "line": 1, "column": 40 }
      },
      "1": {
        "start": { "line": 2, "column": 0 },
        "end": { "line": 2, "column": 52 }
      },
      "2": {
        "start": { "line": 4, "column": 0 },
        "end": { "line": 4, "column": 31 }
      },
      "3": {
        "start": { "line": 5, "column": 0 },
        "end": { "line": 5, "column": 50 }
      },
      "4": {
        "start": { "line": 6, "column": 0 },
        "end": { "line": 6, "column": 62 }
      },
      "5": {
        "start": { "line": 7, "column": 0 },
        "end": { "line": 7, "column": 18 }
      },
      "6": {
        "start": { "line": 9, "column": 0 },
        "end": { "line": 9, "column": 26 }
      },
      "7": {
        "start": { "line": 10, "column": 0 },
        "end": { "line": 10, "column": 1 }
      },
      "8": {
        "start": { "line": 12, "column": 0 },
        "end": { "line": 12, "column": 70 }
      },
      "9": {
        "start": { "line": 13, "column": 0 },
        "end": { "line": 13, "column": 31 }
      },
      "10": {
        "start": { "line": 14, "column": 0 },
        "end": { "line": 14, "column": 1 }
      },
      "11": {
        "start": { "line": 16, "column": 0 },
        "end": { "line": 16, "column": 56 }
      },
      "12": {
        "start": { "line": 17, "column": 0 },
        "end": { "line": 17, "column": 60 }
      },
      "13": {
        "start": { "line": 18, "column": 0 },
        "end": { "line": 18, "column": 19 }
      },
      "14": {
        "start": { "line": 20, "column": 0 },
        "end": { "line": 20, "column": 1 }
      },
      "15": {
        "start": { "line": 22, "column": 0 },
        "end": { "line": 22, "column": 49 }
      },
      "16": {
        "start": { "line": 23, "column": 0 },
        "end": { "line": 23, "column": 50 }
      },
      "17": {
        "start": { "line": 25, "column": 0 },
        "end": { "line": 25, "column": 39 }
      },
      "18": {
        "start": { "line": 26, "column": 0 },
        "end": { "line": 26, "column": 1 }
      },
      "19": {
        "start": { "line": 8, "column": 0 },
        "end": { "line": 8, "column": 4 }
      },
      "20": {
        "start": { "line": 19, "column": 0 },
        "end": { "line": 19, "column": 4 }
      }
    },
    "s": {
      "0": 2,
      "1": 2,
      "2": 0,
      "3": 0,
      "4": 0,
      "5": 0,
      "6": 0,
      "7": 0,
      "8": 2,
      "9": 2,
      "10": 2,
      "11": 0,
      "12": 0,
      "13": 0,
      "14": 0,
      "15": 0,
      "16": 0,
      "17": 0,
      "18": 0,
      "19": 0,
      "20": 0
    },
    "branchMap": {
      "0": {
        "type": "branch",
        "line": 12,
        "loc": {
          "start": { "line": 12, "column": 0 },
          "end": { "line": 14, "column": 1 }
        },
        "locations": [
          {
            "start": { "line": 12, "column": 0 },
            "end": { "line": 14, "column": 1 }
          }
        ]
      }
    },
    "b": { "0": [2] },
    "fnMap": {
      "0": {
        "name": "getProjectId",
        "decl": {
          "start": { "line": 4, "column": 0 },
          "end": { "line": 10, "column": 1 }
        },
        "loc": {
          "start": { "line": 4, "column": 0 },
          "end": { "line": 10, "column": 1 }
        },
        "line": 4
      },
      "1": {
        "name": "getMrUrlByProjectId",
        "decl": {
          "start": { "line": 12, "column": 0 },
          "end": { "line": 14, "column": 1 }
        },
        "loc": {
          "start": { "line": 12, "column": 0 },
          "end": { "line": 14, "column": 1 }
        },
        "line": 12
      },
      "2": {
        "name": "postMergeRequest",
        "decl": {
          "start": { "line": 16, "column": 0 },
          "end": { "line": 20, "column": 1 }
        },
        "loc": {
          "start": { "line": 16, "column": 0 },
          "end": { "line": 20, "column": 1 }
        },
        "line": 16
      },
      "3": {
        "name": "getLabelsByProjectId",
        "decl": {
          "start": { "line": 22, "column": 0 },
          "end": { "line": 26, "column": 1 }
        },
        "loc": {
          "start": { "line": 22, "column": 0 },
          "end": { "line": 26, "column": 1 }
        },
        "line": 22
      }
    },
    "f": { "0": 0, "1": 2, "2": 0, "3": 0 }
  },
  "/Users/corentinmarzin/Desktop/Github/cli-mr-creator/src/axios.ts": {
    "path": "/Users/corentinmarzin/Desktop/Github/cli-mr-creator/src/axios.ts",
    "all": true,
    "statementMap": {
      "0": {
        "start": { "line": 1, "column": 0 },
        "end": { "line": 1, "column": 23 }
      },
      "1": {
        "start": { "line": 2, "column": 0 },
        "end": { "line": 2, "column": 10 }
      },
      "2": {
        "start": { "line": 3, "column": 0 },
        "end": { "line": 3, "column": 56 }
      },
      "4": {
        "start": { "line": 5, "column": 0 },
        "end": { "line": 5, "column": 1 }
      }
    },
    "s": { "0": 0, "1": 0, "2": 0, "4": 0 },
    "branchMap": {
      "0": {
        "type": "branch",
        "line": 1,
        "loc": {
          "start": { "line": 1, "column": 153 },
          "end": { "line": 7, "column": 33 }
        },
        "locations": [
          {
            "start": { "line": 1, "column": 153 },
            "end": { "line": 7, "column": 33 }
          }
        ]
      }
    },
    "b": { "0": [0] },
    "fnMap": {
      "0": {
        "name": "(empty-report)",
        "decl": {
          "start": { "line": 1, "column": 153 },
          "end": { "line": 7, "column": 33 }
        },
        "loc": {
          "start": { "line": 1, "column": 153 },
          "end": { "line": 7, "column": 33 }
        },
        "line": 1
      }
    },
    "f": { "0": 0 }
  },
  "/Users/corentinmarzin/Desktop/Github/cli-mr-creator/src/cli.ts": {
    "path": "/Users/corentinmarzin/Desktop/Github/cli-mr-creator/src/cli.ts",
    "all": true,
    "statementMap": {
      "2": {
        "start": { "line": 3, "column": 0 },
        "end": { "line": 3, "column": 19 }
      },
      "4": {
        "start": { "line": 5, "column": 0 },
        "end": { "line": 5, "column": 32 }
      },
      "6": {
        "start": { "line": 7, "column": 0 },
        "end": { "line": 7, "column": 23 }
      },
      "8": {
        "start": { "line": 9, "column": 0 },
        "end": { "line": 9, "column": 35 }
      },
      "10": {
        "start": { "line": 11, "column": 0 },
        "end": { "line": 11, "column": 31 }
      },
      "12": {
        "start": { "line": 13, "column": 0 },
        "end": { "line": 13, "column": 27 }
      },
      "14": {
        "start": { "line": 15, "column": 0 },
        "end": { "line": 15, "column": 40 }
      },
      "16": {
        "start": { "line": 17, "column": 0 },
        "end": { "line": 17, "column": 80 }
      },
      "18": {
        "start": { "line": 19, "column": 0 },
        "end": { "line": 19, "column": 60 }
      },
      "20": {
        "start": { "line": 21, "column": 0 },
        "end": { "line": 21, "column": 28 }
      },
      "22": {
        "start": { "line": 23, "column": 0 },
        "end": { "line": 23, "column": 49 }
      },
      "24": {
        "start": { "line": 25, "column": 0 },
        "end": { "line": 25, "column": 42 }
      },
      "26": {
        "start": { "line": 27, "column": 0 },
        "end": { "line": 27, "column": 12 }
      },
      "27": {
        "start": { "line": 28, "column": 0 },
        "end": { "line": 28, "column": 32 }
      },
      "28": {
        "start": { "line": 29, "column": 0 },
        "end": { "line": 29, "column": 47 }
      },
      "29": {
        "start": { "line": 30, "column": 0 },
        "end": { "line": 30, "column": 48 }
      },
      "31": {
        "start": { "line": 32, "column": 0 },
        "end": { "line": 32, "column": 21 }
      },
      "33": {
        "start": { "line": 34, "column": 0 },
        "end": { "line": 34, "column": 53 }
      },
      "35": {
        "start": { "line": 36, "column": 0 },
        "end": { "line": 36, "column": 34 }
      },
      "41": {
        "start": { "line": 42, "column": 0 },
        "end": { "line": 42, "column": 5 }
      },
      "42": {
        "start": { "line": 43, "column": 0 },
        "end": { "line": 43, "column": 30 }
      },
      "44": {
        "start": { "line": 45, "column": 0 },
        "end": { "line": 45, "column": 41 }
      },
      "45": {
        "start": { "line": 46, "column": 0 },
        "end": { "line": 46, "column": 87 }
      },
      "46": {
        "start": { "line": 47, "column": 0 },
        "end": { "line": 47, "column": 3 }
      },
      "47": {
        "start": { "line": 48, "column": 0 },
        "end": { "line": 48, "column": 17 }
      },
      "48": {
        "start": { "line": 49, "column": 0 },
        "end": { "line": 49, "column": 44 }
      },
      "49": {
        "start": { "line": 50, "column": 0 },
        "end": { "line": 50, "column": 17 }
      },
      "50": {
        "start": { "line": 51, "column": 0 },
        "end": { "line": 51, "column": 1 }
      },
      "52": {
        "start": { "line": 53, "column": 0 },
        "end": { "line": 53, "column": 62 }
      },
      "53": {
        "start": { "line": 54, "column": 0 },
        "end": { "line": 54, "column": 66 }
      },
      "55": {
        "start": { "line": 56, "column": 0 },
        "end": { "line": 56, "column": 7 }
      },
      "56": {
        "start": { "line": 57, "column": 0 },
        "end": { "line": 57, "column": 29 }
      },
      "57": {
        "start": { "line": 58, "column": 0 },
        "end": { "line": 58, "column": 53 }
      },
      "59": {
        "start": { "line": 60, "column": 0 },
        "end": { "line": 60, "column": 55 }
      },
      "60": {
        "start": { "line": 61, "column": 0 },
        "end": { "line": 61, "column": 71 }
      },
      "61": {
        "start": { "line": 62, "column": 0 },
        "end": { "line": 62, "column": 55 }
      },
      "62": {
        "start": { "line": 63, "column": 0 },
        "end": { "line": 63, "column": 67 }
      },
      "63": {
        "start": { "line": 64, "column": 0 },
        "end": { "line": 64, "column": 85 }
      },
      "64": {
        "start": { "line": 65, "column": 0 },
        "end": { "line": 65, "column": 57 }
      },
      "65": {
        "start": { "line": 66, "column": 0 },
        "end": { "line": 66, "column": 50 }
      },
      "66": {
        "start": { "line": 67, "column": 0 },
        "end": { "line": 67, "column": 51 }
      },
      "67": {
        "start": { "line": 68, "column": 0 },
        "end": { "line": 68, "column": 38 }
      },
      "68": {
        "start": { "line": 69, "column": 0 },
        "end": { "line": 69, "column": 44 }
      },
      "69": {
        "start": { "line": 70, "column": 0 },
        "end": { "line": 70, "column": 5 }
      },
      "71": {
        "start": { "line": 72, "column": 0 },
        "end": { "line": 72, "column": 52 }
      },
      "72": {
        "start": { "line": 73, "column": 0 },
        "end": { "line": 73, "column": 21 }
      },
      "73": {
        "start": { "line": 74, "column": 0 },
        "end": { "line": 74, "column": 6 }
      },
      "75": {
        "start": { "line": 76, "column": 0 },
        "end": { "line": 76, "column": 34 }
      },
      "76": {
        "start": { "line": 77, "column": 0 },
        "end": { "line": 77, "column": 18 }
      },
      "77": {
        "start": { "line": 78, "column": 0 },
        "end": { "line": 78, "column": 96 }
      },
      "78": {
        "start": { "line": 79, "column": 0 },
        "end": { "line": 79, "column": 7 }
      },
      "79": {
        "start": { "line": 80, "column": 0 },
        "end": { "line": 80, "column": 76 }
      },
      "80": {
        "start": { "line": 81, "column": 0 },
        "end": { "line": 81, "column": 5 }
      },
      "81": {
        "start": { "line": 82, "column": 0 },
        "end": { "line": 82, "column": 24 }
      },
      "82": {
        "start": { "line": 83, "column": 0 },
        "end": { "line": 83, "column": 40 }
      },
      "83": {
        "start": { "line": 84, "column": 0 },
        "end": { "line": 84, "column": 18 }
      },
      "84": {
        "start": { "line": 85, "column": 0 },
        "end": { "line": 85, "column": 66 }
      },
      "85": {
        "start": { "line": 86, "column": 0 },
        "end": { "line": 86, "column": 46 }
      },
      "86": {
        "start": { "line": 87, "column": 0 },
        "end": { "line": 87, "column": 30 }
      },
      "87": {
        "start": { "line": 88, "column": 0 },
        "end": { "line": 88, "column": 7 }
      },
      "88": {
        "start": { "line": 89, "column": 0 },
        "end": { "line": 89, "column": 12 }
      },
      "89": {
        "start": { "line": 90, "column": 0 },
        "end": { "line": 90, "column": 69 }
      },
      "90": {
        "start": { "line": 91, "column": 0 },
        "end": { "line": 91, "column": 18 }
      },
      "91": {
        "start": { "line": 92, "column": 0 },
        "end": { "line": 92, "column": 34 }
      },
      "92": {
        "start": { "line": 93, "column": 0 },
        "end": { "line": 93, "column": 47 }
      },
      "93": {
        "start": { "line": 94, "column": 0 },
        "end": { "line": 94, "column": 31 }
      },
      "94": {
        "start": { "line": 95, "column": 0 },
        "end": { "line": 95, "column": 7 }
      },
      "95": {
        "start": { "line": 96, "column": 0 },
        "end": { "line": 96, "column": 71 }
      },
      "96": {
        "start": { "line": 97, "column": 0 },
        "end": { "line": 97, "column": 5 }
      },
      "97": {
        "start": { "line": 98, "column": 0 },
        "end": { "line": 98, "column": 3 }
      },
      "98": {
        "start": { "line": 99, "column": 0 },
        "end": { "line": 99, "column": 1 }
      },
      "104": {
        "start": { "line": 105, "column": 0 },
        "end": { "line": 105, "column": 33 }
      },
      "105": {
        "start": { "line": 106, "column": 0 },
        "end": { "line": 106, "column": 40 }
      },
      "106": {
        "start": { "line": 107, "column": 0 },
        "end": { "line": 107, "column": 52 }
      },
      "112": {
        "start": { "line": 113, "column": 0 },
        "end": { "line": 113, "column": 26 }
      },
      "113": {
        "start": { "line": 114, "column": 0 },
        "end": { "line": 114, "column": 60 }
      },
      "114": {
        "start": { "line": 115, "column": 0 },
        "end": { "line": 115, "column": 40 }
      },
      "115": {
        "start": { "line": 116, "column": 0 },
        "end": { "line": 116, "column": 71 }
      },
      "116": {
        "start": { "line": 117, "column": 0 },
        "end": { "line": 117, "column": 43 }
      },
      "117": {
        "start": { "line": 118, "column": 0 },
        "end": { "line": 118, "column": 20 }
      },
      "118": {
        "start": { "line": 119, "column": 0 },
        "end": { "line": 119, "column": 3 }
      },
      "120": {
        "start": { "line": 121, "column": 0 },
        "end": { "line": 121, "column": 31 }
      },
      "121": {
        "start": { "line": 122, "column": 0 },
        "end": { "line": 122, "column": 17 }
      },
      "122": {
        "start": { "line": 123, "column": 0 },
        "end": { "line": 123, "column": 143 }
      },
      "123": {
        "start": { "line": 124, "column": 0 },
        "end": { "line": 124, "column": 14 }
      },
      "124": {
        "start": { "line": 125, "column": 0 },
        "end": { "line": 125, "column": 7 }
      },
      "125": {
        "start": { "line": 126, "column": 0 },
        "end": { "line": 126, "column": 30 }
      },
      "126": {
        "start": { "line": 127, "column": 0 },
        "end": { "line": 127, "column": 46 }
      },
      "127": {
        "start": { "line": 128, "column": 0 },
        "end": { "line": 128, "column": 46 }
      },
      "128": {
        "start": { "line": 129, "column": 0 },
        "end": { "line": 129, "column": 8 }
      },
      "129": {
        "start": { "line": 130, "column": 0 },
        "end": { "line": 130, "column": 7 }
      },
      "130": {
        "start": { "line": 131, "column": 0 },
        "end": { "line": 131, "column": 22 }
      },
      "131": {
        "start": { "line": 132, "column": 0 },
        "end": { "line": 132, "column": 53 }
      },
      "132": {
        "start": { "line": 133, "column": 0 },
        "end": { "line": 133, "column": 38 }
      },
      "133": {
        "start": { "line": 134, "column": 0 },
        "end": { "line": 134, "column": 8 }
      },
      "134": {
        "start": { "line": 135, "column": 0 },
        "end": { "line": 135, "column": 7 }
      },
      "135": {
        "start": { "line": 136, "column": 0 },
        "end": { "line": 136, "column": 28 }
      },
      "136": {
        "start": { "line": 137, "column": 0 },
        "end": { "line": 137, "column": 44 }
      },
      "137": {
        "start": { "line": 138, "column": 0 },
        "end": { "line": 138, "column": 44 }
      },
      "138": {
        "start": { "line": 139, "column": 0 },
        "end": { "line": 139, "column": 8 }
      },
      "139": {
        "start": { "line": 140, "column": 0 },
        "end": { "line": 140, "column": 7 }
      },
      "140": {
        "start": { "line": 141, "column": 0 },
        "end": { "line": 141, "column": 37 }
      },
      "141": {
        "start": { "line": 142, "column": 0 },
        "end": { "line": 142, "column": 55 }
      },
      "142": {
        "start": { "line": 143, "column": 0 },
        "end": { "line": 143, "column": 53 }
      },
      "143": {
        "start": { "line": 144, "column": 0 },
        "end": { "line": 144, "column": 8 }
      },
      "144": {
        "start": { "line": 145, "column": 0 },
        "end": { "line": 145, "column": 7 }
      },
      "145": {
        "start": { "line": 146, "column": 0 },
        "end": { "line": 146, "column": 23 }
      },
      "146": {
        "start": { "line": 147, "column": 0 },
        "end": { "line": 147, "column": 33 }
      },
      "147": {
        "start": { "line": 148, "column": 0 },
        "end": { "line": 148, "column": 39 }
      },
      "148": {
        "start": { "line": 149, "column": 0 },
        "end": { "line": 149, "column": 8 }
      },
      "149": {
        "start": { "line": 150, "column": 0 },
        "end": { "line": 150, "column": 6 }
      },
      "150": {
        "start": { "line": 151, "column": 0 },
        "end": { "line": 151, "column": 4 }
      },
      "152": {
        "start": { "line": 153, "column": 0 },
        "end": { "line": 153, "column": 7 }
      },
      "153": {
        "start": { "line": 154, "column": 0 },
        "end": { "line": 154, "column": 45 }
      },
      "155": {
        "start": { "line": 156, "column": 0 },
        "end": { "line": 156, "column": 43 }
      },
      "157": {
        "start": { "line": 158, "column": 0 },
        "end": { "line": 158, "column": 46 }
      },
      "158": {
        "start": { "line": 159, "column": 0 },
        "end": { "line": 159, "column": 23 }
      },
      "159": {
        "start": { "line": 160, "column": 0 },
        "end": { "line": 160, "column": 203 }
      },
      "160": {
        "start": { "line": 161, "column": 0 },
        "end": { "line": 161, "column": 28 }
      },
      "161": {
        "start": { "line": 162, "column": 0 },
        "end": { "line": 162, "column": 28 }
      },
      "162": {
        "start": { "line": 163, "column": 0 },
        "end": { "line": 163, "column": 66 }
      },
      "163": {
        "start": { "line": 164, "column": 0 },
        "end": { "line": 164, "column": 37 }
      },
      "164": {
        "start": { "line": 165, "column": 0 },
        "end": { "line": 165, "column": 31 }
      },
      "165": {
        "start": { "line": 166, "column": 0 },
        "end": { "line": 166, "column": 11 }
      },
      "166": {
        "start": { "line": 167, "column": 0 },
        "end": { "line": 167, "column": 10 }
      },
      "168": {
        "start": { "line": 169, "column": 0 },
        "end": { "line": 169, "column": 34 }
      },
      "169": {
        "start": { "line": 170, "column": 0 },
        "end": { "line": 170, "column": 8 }
      },
      "170": {
        "start": { "line": 171, "column": 0 },
        "end": { "line": 171, "column": 6 }
      },
      "172": {
        "start": { "line": 173, "column": 0 },
        "end": { "line": 173, "column": 51 }
      },
      "173": {
        "start": { "line": 174, "column": 0 },
        "end": { "line": 174, "column": 24 }
      },
      "174": {
        "start": { "line": 175, "column": 0 },
        "end": { "line": 175, "column": 207 }
      },
      "175": {
        "start": { "line": 176, "column": 0 },
        "end": { "line": 176, "column": 28 }
      },
      "176": {
        "start": { "line": 177, "column": 0 },
        "end": { "line": 177, "column": 30 }
      },
      "177": {
        "start": { "line": 178, "column": 0 },
        "end": { "line": 178, "column": 50 }
      },
      "179": {
        "start": { "line": 180, "column": 0 },
        "end": { "line": 180, "column": 32 }
      },
      "181": {
        "start": { "line": 182, "column": 0 },
        "end": { "line": 182, "column": 48 }
      },
      "182": {
        "start": { "line": 183, "column": 0 },
        "end": { "line": 183, "column": 59 }
      },
      "183": {
        "start": { "line": 184, "column": 0 },
        "end": { "line": 184, "column": 9 }
      },
      "185": {
        "start": { "line": 186, "column": 0 },
        "end": { "line": 186, "column": 71 }
      },
      "186": {
        "start": { "line": 187, "column": 0 },
        "end": { "line": 187, "column": 8 }
      },
      "187": {
        "start": { "line": 188, "column": 0 },
        "end": { "line": 188, "column": 6 }
      },
      "189": {
        "start": { "line": 190, "column": 0 },
        "end": { "line": 190, "column": 50 }
      },
      "190": {
        "start": { "line": 191, "column": 0 },
        "end": { "line": 191, "column": 45 }
      },
      "191": {
        "start": { "line": 192, "column": 0 },
        "end": { "line": 192, "column": 37 }
      },
      "193": {
        "start": { "line": 194, "column": 0 },
        "end": { "line": 194, "column": 48 }
      },
      "194": {
        "start": { "line": 195, "column": 0 },
        "end": { "line": 195, "column": 44 }
      },
      "195": {
        "start": { "line": 196, "column": 0 },
        "end": { "line": 196, "column": 23 }
      },
      "196": {
        "start": { "line": 197, "column": 0 },
        "end": { "line": 197, "column": 198 }
      },
      "197": {
        "start": { "line": 198, "column": 0 },
        "end": { "line": 198, "column": 29 }
      },
      "198": {
        "start": { "line": 199, "column": 0 },
        "end": { "line": 199, "column": 29 }
      },
      "199": {
        "start": { "line": 200, "column": 0 },
        "end": { "line": 200, "column": 31 }
      },
      "201": {
        "start": { "line": 202, "column": 0 },
        "end": { "line": 202, "column": 51 }
      },
      "202": {
        "start": { "line": 203, "column": 0 },
        "end": { "line": 203, "column": 42 }
      },
      "203": {
        "start": { "line": 204, "column": 0 },
        "end": { "line": 204, "column": 45 }
      },
      "204": {
        "start": { "line": 205, "column": 0 },
        "end": { "line": 205, "column": 20 }
      },
      "205": {
        "start": { "line": 206, "column": 0 },
        "end": { "line": 206, "column": 39 }
      },
      "206": {
        "start": { "line": 207, "column": 0 },
        "end": { "line": 207, "column": 13 }
      },
      "207": {
        "start": { "line": 208, "column": 0 },
        "end": { "line": 208, "column": 11 }
      },
      "208": {
        "start": { "line": 209, "column": 0 },
        "end": { "line": 209, "column": 29 }
      },
      "209": {
        "start": { "line": 210, "column": 0 },
        "end": { "line": 210, "column": 10 }
      },
      "210": {
        "start": { "line": 211, "column": 0 },
        "end": { "line": 211, "column": 8 }
      },
      "211": {
        "start": { "line": 212, "column": 0 },
        "end": { "line": 212, "column": 5 }
      },
      "213": {
        "start": { "line": 214, "column": 0 },
        "end": { "line": 214, "column": 63 }
      },
      "215": {
        "start": { "line": 216, "column": 0 },
        "end": { "line": 216, "column": 63 }
      },
      "217": {
        "start": { "line": 218, "column": 0 },
        "end": { "line": 218, "column": 29 }
      },
      "218": {
        "start": { "line": 219, "column": 0 },
        "end": { "line": 219, "column": 53 }
      },
      "219": {
        "start": { "line": 220, "column": 0 },
        "end": { "line": 220, "column": 5 }
      },
      "228": {
        "start": { "line": 229, "column": 0 },
        "end": { "line": 229, "column": 31 }
      },
      "229": {
        "start": { "line": 230, "column": 0 },
        "end": { "line": 230, "column": 33 }
      },
      "230": {
        "start": { "line": 231, "column": 0 },
        "end": { "line": 231, "column": 35 }
      },
      "231": {
        "start": { "line": 232, "column": 0 },
        "end": { "line": 232, "column": 35 }
      },
      "232": {
        "start": { "line": 233, "column": 0 },
        "end": { "line": 233, "column": 29 }
      },
      "233": {
        "start": { "line": 234, "column": 0 },
        "end": { "line": 234, "column": 6 }
      },
      "234": {
        "start": { "line": 235, "column": 0 },
        "end": { "line": 235, "column": 19 }
      },
      "235": {
        "start": { "line": 236, "column": 0 },
        "end": { "line": 236, "column": 31 }
      },
      "236": {
        "start": { "line": 237, "column": 0 },
        "end": { "line": 237, "column": 3 }
      },
      "237": {
        "start": { "line": 238, "column": 0 },
        "end": { "line": 238, "column": 1 }
      },
      "239": {
        "start": { "line": 240, "column": 0 },
        "end": { "line": 240, "column": 16 }
      }
    },
    "s": {
      "2": 0,
      "4": 0,
      "6": 0,
      "8": 0,
      "10": 0,
      "12": 0,
      "14": 0,
      "16": 0,
      "18": 0,
      "20": 0,
      "22": 0,
      "24": 0,
      "26": 0,
      "27": 0,
      "28": 0,
      "29": 0,
      "31": 0,
      "33": 0,
      "35": 0,
      "41": 0,
      "42": 0,
      "44": 0,
      "45": 0,
      "46": 0,
      "47": 0,
      "48": 0,
      "49": 0,
      "50": 0,
      "52": 0,
      "53": 0,
      "55": 0,
      "56": 0,
      "57": 0,
      "59": 0,
      "60": 0,
      "61": 0,
      "62": 0,
      "63": 0,
      "64": 0,
      "65": 0,
      "66": 0,
      "67": 0,
      "68": 0,
      "69": 0,
      "71": 0,
      "72": 0,
      "73": 0,
      "75": 0,
      "76": 0,
      "77": 0,
      "78": 0,
      "79": 0,
      "80": 0,
      "81": 0,
      "82": 0,
      "83": 0,
      "84": 0,
      "85": 0,
      "86": 0,
      "87": 0,
      "88": 0,
      "89": 0,
      "90": 0,
      "91": 0,
      "92": 0,
      "93": 0,
      "94": 0,
      "95": 0,
      "96": 0,
      "97": 0,
      "98": 0,
      "104": 0,
      "105": 0,
      "106": 0,
      "112": 0,
      "113": 0,
      "114": 0,
      "115": 0,
      "116": 0,
      "117": 0,
      "118": 0,
      "120": 0,
      "121": 0,
      "122": 0,
      "123": 0,
      "124": 0,
      "125": 0,
      "126": 0,
      "127": 0,
      "128": 0,
      "129": 0,
      "130": 0,
      "131": 0,
      "132": 0,
      "133": 0,
      "134": 0,
      "135": 0,
      "136": 0,
      "137": 0,
      "138": 0,
      "139": 0,
      "140": 0,
      "141": 0,
      "142": 0,
      "143": 0,
      "144": 0,
      "145": 0,
      "146": 0,
      "147": 0,
      "148": 0,
      "149": 0,
      "150": 0,
      "152": 0,
      "153": 0,
      "155": 0,
      "157": 0,
      "158": 0,
      "159": 0,
      "160": 0,
      "161": 0,
      "162": 0,
      "163": 0,
      "164": 0,
      "165": 0,
      "166": 0,
      "168": 0,
      "169": 0,
      "170": 0,
      "172": 0,
      "173": 0,
      "174": 0,
      "175": 0,
      "176": 0,
      "177": 0,
      "179": 0,
      "181": 0,
      "182": 0,
      "183": 0,
      "185": 0,
      "186": 0,
      "187": 0,
      "189": 0,
      "190": 0,
      "191": 0,
      "193": 0,
      "194": 0,
      "195": 0,
      "196": 0,
      "197": 0,
      "198": 0,
      "199": 0,
      "201": 0,
      "202": 0,
      "203": 0,
      "204": 0,
      "205": 0,
      "206": 0,
      "207": 0,
      "208": 0,
      "209": 0,
      "210": 0,
      "211": 0,
      "213": 0,
      "215": 0,
      "217": 0,
      "218": 0,
      "219": 0,
      "228": 0,
      "229": 0,
      "230": 0,
      "231": 0,
      "232": 0,
      "233": 0,
      "234": 0,
      "235": 0,
      "236": 0,
      "237": 0,
      "239": 0
    },
    "branchMap": {
      "0": {
        "type": "branch",
        "line": 1,
        "loc": {
          "start": { "line": 1, "column": 6968 },
          "end": { "line": 240, "column": 16 }
        },
        "locations": [
          {
            "start": { "line": 1, "column": 6968 },
            "end": { "line": 240, "column": 16 }
          }
        ]
      }
    },
    "b": { "0": [1] },
    "fnMap": {
      "0": {
        "name": "(empty-report)",
        "decl": {
          "start": { "line": 1, "column": 6968 },
          "end": { "line": 240, "column": 16 }
        },
        "loc": {
          "start": { "line": 1, "column": 6968 },
          "end": { "line": 240, "column": 16 }
        },
        "line": 1
      }
    },
    "f": { "0": 1 }
  },
  "/Users/corentinmarzin/Desktop/Github/cli-mr-creator/src/helpers/index.ts": {
    "path": "/Users/corentinmarzin/Desktop/Github/cli-mr-creator/src/helpers/index.ts",
    "all": false,
    "statementMap": {
      "0": {
        "start": { "line": 1, "column": 0 },
        "end": { "line": 1, "column": 43 }
      },
      "1": {
        "start": { "line": 2, "column": 0 },
        "end": { "line": 2, "column": 29 }
      },
      "2": {
        "start": { "line": 4, "column": 0 },
        "end": { "line": 4, "column": 36 }
      },
      "3": {
        "start": { "line": 5, "column": 0 },
        "end": { "line": 5, "column": 23 }
      },
      "4": {
        "start": { "line": 7, "column": 0 },
        "end": { "line": 7, "column": 48 }
      },
      "5": {
        "start": { "line": 8, "column": 0 },
        "end": { "line": 8, "column": 41 }
      },
      "6": {
        "start": { "line": 10, "column": 0 },
        "end": { "line": 10, "column": 40 }
      },
      "7": {
        "start": { "line": 11, "column": 0 },
        "end": { "line": 11, "column": 22 }
      },
      "8": {
        "start": { "line": 13, "column": 0 },
        "end": { "line": 13, "column": 65 }
      },
      "9": {
        "start": { "line": 14, "column": 0 },
        "end": { "line": 14, "column": 31 }
      },
      "10": {
        "start": { "line": 15, "column": 0 },
        "end": { "line": 15, "column": 20 }
      },
      "11": {
        "start": { "line": 16, "column": 0 },
        "end": { "line": 16, "column": 19 }
      },
      "12": {
        "start": { "line": 18, "column": 0 },
        "end": { "line": 18, "column": 1 }
      },
      "13": {
        "start": { "line": 20, "column": 0 },
        "end": { "line": 20, "column": 39 }
      },
      "14": {
        "start": { "line": 21, "column": 0 },
        "end": { "line": 21, "column": 7 }
      },
      "15": {
        "start": { "line": 22, "column": 0 },
        "end": { "line": 22, "column": 75 }
      },
      "16": {
        "start": { "line": 23, "column": 0 },
        "end": { "line": 23, "column": 24 }
      },
      "17": {
        "start": { "line": 24, "column": 0 },
        "end": { "line": 24, "column": 15 }
      },
      "18": {
        "start": { "line": 27, "column": 0 },
        "end": { "line": 27, "column": 1 }
      },
      "19": {
        "start": { "line": 29, "column": 0 },
        "end": { "line": 29, "column": 29 }
      },
      "20": {
        "start": { "line": 30, "column": 0 },
        "end": { "line": 30, "column": 7 }
      },
      "21": {
        "start": { "line": 31, "column": 0 },
        "end": { "line": 31, "column": 33 }
      },
      "22": {
        "start": { "line": 32, "column": 0 },
        "end": { "line": 32, "column": 64 }
      },
      "23": {
        "start": { "line": 36, "column": 0 },
        "end": { "line": 36, "column": 19 }
      },
      "24": {
        "start": { "line": 37, "column": 0 },
        "end": { "line": 37, "column": 31 }
      },
      "25": {
        "start": { "line": 39, "column": 0 },
        "end": { "line": 39, "column": 1 }
      },
      "26": {
        "start": { "line": 41, "column": 0 },
        "end": { "line": 41, "column": 38 }
      },
      "27": {
        "start": { "line": 42, "column": 0 },
        "end": { "line": 42, "column": 44 }
      },
      "28": {
        "start": { "line": 44, "column": 0 },
        "end": { "line": 44, "column": 7 }
      },
      "29": {
        "start": { "line": 45, "column": 0 },
        "end": { "line": 45, "column": 38 }
      },
      "30": {
        "start": { "line": 47, "column": 0 },
        "end": { "line": 47, "column": 41 }
      },
      "31": {
        "start": { "line": 48, "column": 0 },
        "end": { "line": 48, "column": 19 }
      },
      "32": {
        "start": { "line": 51, "column": 0 },
        "end": { "line": 51, "column": 1 }
      },
      "33": {
        "start": { "line": 53, "column": 0 },
        "end": { "line": 53, "column": 66 }
      },
      "34": {
        "start": { "line": 54, "column": 0 },
        "end": { "line": 54, "column": 7 }
      },
      "35": {
        "start": { "line": 55, "column": 0 },
        "end": { "line": 55, "column": 59 }
      },
      "36": {
        "start": { "line": 56, "column": 0 },
        "end": { "line": 56, "column": 61 }
      },
      "37": {
        "start": { "line": 57, "column": 0 },
        "end": { "line": 57, "column": 44 }
      },
      "38": {
        "start": { "line": 58, "column": 0 },
        "end": { "line": 58, "column": 20 }
      },
      "39": {
        "start": { "line": 59, "column": 0 },
        "end": { "line": 59, "column": 19 }
      },
      "40": {
        "start": { "line": 62, "column": 0 },
        "end": { "line": 62, "column": 1 }
      },
      "41": {
        "start": { "line": 64, "column": 0 },
        "end": { "line": 64, "column": 3 }
      },
      "42": {
        "start": { "line": 77, "column": 0 },
        "end": { "line": 77, "column": 3 }
      },
      "43": {
        "start": { "line": 78, "column": 0 },
        "end": { "line": 78, "column": 34 }
      },
      "44": {
        "start": { "line": 79, "column": 0 },
        "end": { "line": 79, "column": 41 }
      },
      "45": {
        "start": { "line": 80, "column": 0 },
        "end": { "line": 80, "column": 29 }
      },
      "46": {
        "start": { "line": 82, "column": 0 },
        "end": { "line": 82, "column": 59 }
      },
      "47": {
        "start": { "line": 84, "column": 0 },
        "end": { "line": 84, "column": 50 }
      },
      "48": {
        "start": { "line": 86, "column": 0 },
        "end": { "line": 86, "column": 52 }
      },
      "49": {
        "start": { "line": 89, "column": 0 },
        "end": { "line": 89, "column": 66 }
      },
      "50": {
        "start": { "line": 90, "column": 0 },
        "end": { "line": 90, "column": 3 }
      },
      "51": {
        "start": { "line": 92, "column": 0 },
        "end": { "line": 92, "column": 39 }
      },
      "52": {
        "start": { "line": 93, "column": 0 },
        "end": { "line": 93, "column": 39 }
      },
      "53": {
        "start": { "line": 95, "column": 0 },
        "end": { "line": 95, "column": 42 }
      },
      "54": {
        "start": { "line": 96, "column": 0 },
        "end": { "line": 96, "column": 54 }
      },
      "55": {
        "start": { "line": 98, "column": 0 },
        "end": { "line": 98, "column": 66 }
      },
      "56": {
        "start": { "line": 100, "column": 0 },
        "end": { "line": 100, "column": 10 }
      },
      "57": {
        "start": { "line": 17, "column": 0 },
        "end": { "line": 17, "column": 5 }
      },
      "58": {
        "start": { "line": 25, "column": 0 },
        "end": { "line": 25, "column": 97 }
      },
      "59": {
        "start": { "line": 26, "column": 0 },
        "end": { "line": 26, "column": 3 }
      },
      "60": {
        "start": { "line": 33, "column": 0 },
        "end": { "line": 33, "column": 5 }
      },
      "61": {
        "start": { "line": 35, "column": 0 },
        "end": { "line": 35, "column": 40 }
      },
      "62": {
        "start": { "line": 38, "column": 0 },
        "end": { "line": 38, "column": 3 }
      },
      "63": {
        "start": { "line": 49, "column": 0 },
        "end": { "line": 49, "column": 31 }
      },
      "64": {
        "start": { "line": 50, "column": 0 },
        "end": { "line": 50, "column": 3 }
      },
      "65": {
        "start": { "line": 60, "column": 0 },
        "end": { "line": 60, "column": 22 }
      },
      "66": {
        "start": { "line": 61, "column": 0 },
        "end": { "line": 61, "column": 3 }
      },
      "67": {
        "start": { "line": 88, "column": 0 },
        "end": { "line": 88, "column": 41 }
      },
      "68": {
        "start": { "line": 101, "column": 0 },
        "end": { "line": 101, "column": 17 }
      },
      "69": {
        "start": { "line": 102, "column": 0 },
        "end": { "line": 102, "column": 17 }
      },
      "70": {
        "start": { "line": 103, "column": 0 },
        "end": { "line": 103, "column": 3 }
      },
      "71": {
        "start": { "line": 104, "column": 0 },
        "end": { "line": 104, "column": 1 }
      }
    },
    "s": {
      "0": 1,
      "1": 2,
      "2": 2,
      "3": 2,
      "4": 2,
      "5": 2,
      "6": 2,
      "7": 2,
      "8": 1,
      "9": 1,
      "10": 1,
      "11": 1,
      "12": 1,
      "13": 1,
      "14": 1,
      "15": 1,
      "16": 1,
      "17": 1,
      "18": 0,
      "19": 0,
      "20": 0,
      "21": 0,
      "22": 0,
      "23": 0,
      "24": 0,
      "25": 0,
      "26": 1,
      "27": 1,
      "28": 1,
      "29": 1,
      "30": 1,
      "31": 1,
      "32": 1,
      "33": 1,
      "34": 1,
      "35": 1,
      "36": 1,
      "37": 1,
      "38": 1,
      "39": 1,
      "40": 1,
      "41": 1,
      "42": 1,
      "43": 1,
      "44": 1,
      "45": 1,
      "46": 1,
      "47": 1,
      "48": 1,
      "49": 1,
      "50": 1,
      "51": 1,
      "52": 1,
      "53": 1,
      "54": 1,
      "55": 1,
      "56": 1,
      "57": 1,
      "58": 0,
      "59": 0,
      "60": 0,
      "61": 0,
      "62": 0,
      "63": 0,
      "64": 0,
      "65": 0,
      "66": 0,
      "67": 0,
      "68": 0,
      "69": 0,
      "70": 0,
      "71": 0
    },
    "branchMap": {
      "0": {
        "type": "branch",
        "line": 13,
        "loc": {
          "start": { "line": 13, "column": 0 },
          "end": { "line": 18, "column": 1 }
        },
        "locations": [
          {
            "start": { "line": 13, "column": 0 },
            "end": { "line": 18, "column": 1 }
          }
        ]
      },
      "1": {
        "type": "branch",
        "line": 14,
        "loc": {
          "start": { "line": 14, "column": 19 },
          "end": { "line": 17, "column": 4 }
        },
        "locations": [
          {
            "start": { "line": 14, "column": 19 },
            "end": { "line": 17, "column": 4 }
          }
        ]
      }
    },
    "b": { "0": [1], "1": [1] },
    "fnMap": {
      "0": {
        "name": "getItemsOptions",
        "decl": {
          "start": { "line": 13, "column": 0 },
          "end": { "line": 18, "column": 1 }
        },
        "loc": {
          "start": { "line": 13, "column": 0 },
          "end": { "line": 18, "column": 1 }
        },
        "line": 13
      },
      "1": {
        "name": "getMembers",
        "decl": {
          "start": { "line": 27, "column": 0 },
          "end": { "line": 39, "column": 1 }
        },
        "loc": {
          "start": { "line": 27, "column": 0 },
          "end": { "line": 39, "column": 1 }
        },
        "line": 27
      },
      "2": {
        "name": "getCurrentBranchName",
        "decl": {
          "start": { "line": 20, "column": 0 },
          "end": { "line": 27, "column": 1 }
        },
        "loc": {
          "start": { "line": 20, "column": 0 },
          "end": { "line": 27, "column": 1 }
        },
        "line": 20
      },
      "3": {
        "name": "getMembers",
        "decl": {
          "start": { "line": 29, "column": 0 },
          "end": { "line": 39, "column": 1 }
        },
        "loc": {
          "start": { "line": 29, "column": 0 },
          "end": { "line": 39, "column": 1 }
        },
        "line": 29
      },
      "4": {
        "name": "getLabels",
        "decl": {
          "start": { "line": 41, "column": 0 },
          "end": { "line": 51, "column": 1 }
        },
        "loc": {
          "start": { "line": 41, "column": 0 },
          "end": { "line": 51, "column": 1 }
        },
        "line": 41
      },
      "5": {
        "name": "getRemoteUrl",
        "decl": {
          "start": { "line": 53, "column": 0 },
          "end": { "line": 62, "column": 1 }
        },
        "loc": {
          "start": { "line": 53, "column": 0 },
          "end": { "line": 62, "column": 1 }
        },
        "line": 53
      },
      "6": {
        "name": "getScopedApiUrl",
        "decl": {
          "start": { "line": 78, "column": 0 },
          "end": { "line": 104, "column": 1 }
        },
        "loc": {
          "start": { "line": 78, "column": 0 },
          "end": { "line": 104, "column": 1 }
        },
        "line": 78
      }
    },
    "f": { "0": 1, "1": 0, "2": 0, "3": 0, "4": 0, "5": 0, "6": 0 }
  }
}
